   0.000000000000000	   0.318877977569007	   0.020329995439868	   0.008103484787315	   0.020329995439868	   1.134295778274992	   0.000000000000000	   0.022922803830511
   0.100225125821370	   0.107051252983560	   0.049223250974336	   0.006586763365909	   0.049223250974336	   1.448093032464782	   0.000000000000000	  -0.001347530818442
   0.202459266811923	   0.066884288383128	   0.070113293995861	   0.005861847218888	   0.070113293995861	   1.693731254806768	   0.000000000000000	  -0.018895166956523
   0.306742693731279	   0.040130165157791	   0.104522665264209	   0.005243139774732	   0.104522665264209	   1.884701031102690	   0.000000000000000	  -0.047799038821936
   0.413116484567450	   0.030158805584372	   0.119918398824630	   0.004520744595176	   0.119918398824630	   1.917468502546477	   0.000000000000000	  -0.060731455012689
   0.521622540717751	   0.026882679470600	   0.124357781314521	   0.004178837968442	   0.124357781314521	   2.032085104439959	   0.000000000000000	  -0.064460536304198
   0.632303603494062	   0.024183123544104	   0.134014733017043	   0.004051118556602	   0.134014733017043	   2.102809399524415	   0.000000000000000	  -0.072572375734316
   0.745203270958932	   0.021030993799441	   0.136917189656315	   0.003599380708374	   0.136917189656315	   2.175141815136268	   0.000000000000000	  -0.075010439311305
   0.860366015099173	   0.018623276224176	   0.138167188529970	   0.003216407146389	   0.138167188529970	   2.225753555691353	   0.000000000000000	  -0.076060438365175
   0.977837199343693	   0.015432070842415	   0.159138557360414	   0.003069796863682	   0.159138557360414	   2.192258183683211	   0.000000000000000	  -0.093676388182748
   1.097663096432471	   0.015067343690783	   0.166166903746990	   0.003129617310986	   0.166166903746990	   2.376023033405072	   0.000000000000000	  -0.099580199147472
   1.219890906643726	   0.013868170807455	   0.172425591171288	   0.002989034437425	   0.172425591171288	   2.355498201951756	   0.000000000000000	  -0.104837496583882
   1.344568776386439	   0.013192630273880	   0.166223005094257	   0.002741148311527	   0.166223005094257	   2.356452214481319	   0.000000000000000	  -0.099627324279176
   1.471745817165573	   0.011065329460771	   0.188223051925786	   0.002603437602088	   0.188223051925786	   2.337369925536968	   0.000000000000000	  -0.118107363617661
   1.601472124927442	   0.010925222330314	   0.185359939629966	   0.002531373189489	   0.185359939629966	   2.491880096432846	   0.000000000000000	  -0.115702349289171
   1.733798799792866	   0.010188047007472	   0.195327033296702	   0.002487501246321	   0.195327033296702	   2.429934739708305	   0.000000000000000	  -0.124074707969230
   1.868777966185873	   0.009511202363816	   0.200966144862820	   0.002389287090083	   0.200966144862820	   2.472978697438580	   0.000000000000000	  -0.128811561684769
   2.006462793365881	   0.008836810104547	   0.208184353060248	   0.002299606993414	   0.208184353060248	   2.521448784355095	   0.000000000000000	  -0.134874856570609
   2.146907516371450	   0.009222721910766	   0.196466140513550	   0.002264940723548	   0.196466140513550	   2.725129952725310	   0.000000000000000	  -0.125031558031382
   2.290167457383855	   0.008512865095531	   0.202167367734400	   0.002151279410302	   0.202167367734400	   2.636984814908433	   0.000000000000000	  -0.129820588896896
   2.436299047518886	   0.007521003491475	   0.216922708510270	   0.002039345560107	   0.216922708510270	   2.580116128848738	   0.000000000000000	  -0.142215075148627
   2.585359849055470	   0.007353839997972	   0.218190423691775	   0.002005671831149	   0.218190423691775	   2.659345101472774	   0.000000000000000	  -0.143279955901091
   2.737408578109861	   0.006711984099622	   0.226971961543316	   0.001904290246173	   0.226971961543316	   2.598974431283945	   0.000000000000000	  -0.150656447696385
   2.892505127764343	   0.006677593893178	   0.227196323808866	   0.001896405980523	   0.227196323808866	   2.679850416870778	   0.000000000000000	  -0.150844911999447
   3.050710591659542	   0.006911321830933	   0.215096368006280	   0.001858250279945	   0.215096368006280	   2.750757343617036	   0.000000000000000	  -0.140680949125275
   3.212087288059645	   0.006046814716270	   0.229936052579646	   0.001737975883174	   0.229936052579646	   2.737629782325214	   0.000000000000000	  -0.153146284166903
   3.376698784400017	   0.005903550876480	   0.233398405006522	   0.001722349198057	   0.233398405006522	   2.830502250764251	   0.000000000000000	  -0.156054660205478
   3.544609922326859	   0.005518666479397	   0.242130839248332	   0.001670299182735	   0.242130839248332	   2.738073932616842	   0.000000000000000	  -0.163389904968599
   3.715886843238807	   0.005320198648811	   0.245388729257155	   0.001631895982284	   0.245388729257155	   2.729131961099526	   0.000000000000000	  -0.166126532576011
   3.890597014340495	   0.005311128379929	   0.231777439164586	   0.001538749668718	   0.231777439164586	   2.868723403532423	   0.000000000000000	  -0.154693048898252
   4.068809255218370	   0.005355213263882	   0.234777928958049	   0.001571607349029	   0.234777928958049	   3.044136506120706	   0.000000000000000	  -0.157213460324761
   4.250593764949224	   0.004838602860076	   0.250522632775323	   0.001515224409326	   0.250522632775323	   2.868591465759028	   0.000000000000000	  -0.170439011531272
   4.436022149752108	   0.004493876026231	   0.253291267673604	   0.001422824444315	   0.253291267673604	   2.883873260855785	   0.000000000000000	  -0.172764664845827
   4.625167451194536	   0.004326114835970	   0.257754710375259	   0.001393845595745	   0.257754710375259	   2.912688502254987	   0.000000000000000	  -0.176513956715217
   4.818104174964083	   0.004779451245750	   0.233778112050575	   0.001396663861087	   0.233778112050575	   3.090200324073477	   0.000000000000000	  -0.156373614122483
   5.014908320216702	   0.004022613980105	   0.264698112353673	   0.001330972909077	   0.264698112353673	   2.898906329125118	   0.000000000000000	  -0.182346414377086
   5.215657409513343	   0.003990713404092	   0.263979867324510	   0.001316834993678	   0.263979867324510	   3.030407989014727	   0.000000000000000	  -0.181743088552589
   5.420430519356643	   0.004018717067692	   0.265538774495532	   0.001333906506499	   0.265538774495532	   2.972534517032603	   0.000000000000000	  -0.183052570576247
   5.629308311339716	   0.003851353153771	   0.252987122758300	   0.001217928441373	   0.252987122758300	   3.083959528800020	   0.000000000000000	  -0.172509183116972
   5.842373063919348	   0.003650846897682	   0.259966273511373	   0.001186371328939	   0.259966273511373	   3.090350827495544	   0.000000000000000	  -0.178371669749554
   6.059708704826059	   0.003623267696054	   0.264412186241500	   0.001197545166065	   0.264412186241500	   3.199655514519373	   0.000000000000000	  -0.182106236442860
   6.281400844123839	   0.003351011713384	   0.280515948623630	   0.001175015287036	   0.280515948623630	   3.064109761339156	   0.000000000000000	  -0.195633396843850
   6.507536807932564	   0.003414429868294	   0.267657905812142	   0.001142373935112	   0.267657905812142	   3.231825206048661	   0.000000000000000	  -0.184832640882200
   6.738205672826383	   0.003318880477206	   0.262463177034211	   0.001088854892805	   0.262463177034211	   3.376740710196195	   0.000000000000000	  -0.180469068708737
   6.973498300921612	   0.003269377484651	   0.258716092428103	   0.001057300709377	   0.258716092428103	   3.700151299009308	   0.000000000000000	  -0.177321517639606
   7.213507375667980	   0.003062599594494	   0.276774740784892	   0.001059562761118	   0.276774740784892	   3.324448617967886	   0.000000000000000	  -0.192490782259309
   7.458327438357291	   0.002878380863928	   0.281568004370361	   0.001013074944592	   0.281568004370361	   3.186164781988265	   0.000000000000000	  -0.196517123671104
   7.708054925363930	   0.002908821721329	   0.268402420318917	   0.000975918487851	   0.268402420318917	   3.329750783895609	   0.000000000000000	  -0.185458033067891
   7.962788206131826	   0.002784941104848	   0.284226897281094	   0.000989443961677	   0.284226897281094	   3.289956897899021	   0.000000000000000	  -0.198750593716119
   8.222627621922896	   0.002622443740823	   0.285291223325477	   0.000935200228652	   0.285291223325477	   3.276750179795764	   0.000000000000000	  -0.199644627593401
   8.487675525342164	   0.002518366100260	   0.290419825145053	   0.000914229303111	   0.290419825145053	   3.316126674249591	   0.000000000000000	  -0.203952653121845
   8.758036320655213	   0.002478983424123	   0.290191300119636	   0.000899224278527	   0.290191300119636	   3.337105528903166	   0.000000000000000	  -0.203760692100494
   9.033816504913743	   0.002530638468689	   0.275097595619226	   0.000870215697647	   0.275097595619226	   3.567590511057736	   0.000000000000000	  -0.191081980320150
   9.315124709905545	   0.002300983037125	   0.293077349076565	   0.000842957510988	   0.293077349076565	   3.341112964569830	   0.000000000000000	  -0.206184973224315
   9.602071744945322	   0.002202864223456	   0.301035595502228	   0.000828925679148	   0.301035595502228	   3.347869383443445	   0.000000000000000	  -0.212869900221872
   9.894770640523287	   0.002174969558194	   0.302102608007583	   0.000821329969834	   0.302102608007583	   3.440891798261280	   0.000000000000000	  -0.213766190726370
  10.193336692828668	   0.002106590146818	   0.306112372714822	   0.000806066635225	   0.306112372714822	   3.452747171128943	   0.000000000000000	  -0.217134393080450
  10.497887509165707	   0.002085080391018	   0.293262785380335	   0.000764345604015	   0.293262785380335	   3.552874773519945	   0.000000000000000	  -0.206340739719481
  10.808543054280022	   0.001912410513699	   0.306534117357458	   0.000732773836052	   0.306534117357458	   3.556035420145639	   0.000000000000000	  -0.217488658580264
  11.125425697613574	   0.001860146563853	   0.314120642497427	   0.000730388042221	   0.314120642497427	   3.425900705951428	   0.000000000000000	  -0.223861339697839
  11.448660261506873	   0.001795101253709	   0.317566038918846	   0.000712578993248	   0.317566038918846	   3.459651476565644	   0.000000000000000	  -0.226755472691830
  11.778374070367374	   0.001832421003161	   0.310342655640078	   0.000710848000465	   0.310342655640078	   3.669827008203717	   0.000000000000000	  -0.220687830737665
  12.114697000823490	   0.001681587560041	   0.320878652509078	   0.000674481937927	   0.320878652509078	   3.560811630350261	   0.000000000000000	  -0.229538068107626
  12.457761532883925	   0.001614451666319	   0.324413706378935	   0.000654687811050	   0.324413706378935	   3.517449738085498	   0.000000000000000	  -0.232507513358306
  12.807702802122478	   0.001594942610166	   0.328158010093965	   0.000654241491458	   0.328158010093965	   3.647195913265262	   0.000000000000000	  -0.235652728478930
  13.164658652908939	   0.001677410035498	   0.307071439364338	   0.000643855892506	   0.307071439364338	   4.431881302174054	   0.000000000000000	  -0.217940009066044
  13.528769692706945	   0.001484980988001	   0.328727932250181	   0.000610193412021	   0.328727932250181	   3.812216941914046	   0.000000000000000	  -0.236131463090152
  13.900179347460295	   0.001444371471766	   0.327894429161448	   0.000592001699040	   0.327894429161448	   3.771951904464026	   0.000000000000000	  -0.235431320495617
  14.279033918089430	   0.001397391958710	   0.334252018622719	   0.000583851353758	   0.334252018622719	   3.680930397809511	   0.000000000000000	  -0.240771695643084
  14.665482638120430	   0.001341690021251	   0.337355700998361	   0.000565783472052	   0.337355700998361	   3.693060002716580	   0.000000000000000	  -0.243378788838623
  15.059677732469151	   0.001269992668902	   0.344607645731495	   0.000547061479658	   0.344607645731495	   3.670176106119042	   0.000000000000000	  -0.249470422414456
  15.461774477403720	   0.001253120237048	   0.342389985830862	   0.000536319775259	   0.342389985830862	   3.746366590795917	   0.000000000000000	  -0.247607588097924
  15.871931261708978	   0.001208729250353	   0.341205376168591	   0.000515531148191	   0.341205376168591	   3.826766386913472	   0.000000000000000	  -0.246612515981616
  16.290309649076935	   0.001163648169644	   0.344356315253125	   0.000500886994937	   0.344356315253125	   3.747378038827166	   0.000000000000000	  -0.249259304812625
  16.717074441747869	   0.001136425323445	   0.348867692380439	   0.000495577600191	   0.348867692380439	   3.794914076330421	   0.000000000000000	  -0.253048861599569
  17.152393745427119	   0.001091695431472	   0.354022616736803	   0.000483106091661	   0.354022616736803	   3.866054369996128	   0.000000000000000	  -0.257378998058915
  17.596439035503110	   0.001102660932880	   0.349049512671854	   0.000481104076580	   0.349049512671854	   3.973420442064692	   0.000000000000000	  -0.253201590644357
  18.049385224592758	   0.001040308880844	   0.352471962935242	   0.000458349641613	   0.352471962935242	   3.868014178097490	   0.000000000000000	  -0.256076448865603
  18.511410731440773	   0.001028177379996	   0.340368262839854	   0.000437448685900	   0.340368262839854	   4.180063265015079	   0.000000000000000	  -0.245909340785477
  18.982697551200083	   0.001016756131762	   0.339193649842673	   0.000431096529165	   0.339193649842673	   4.339327136144460	   0.000000000000000	  -0.244922665867845
  19.463431327121064	   0.001024707395962	   0.329885946672956	   0.000422545711725	   0.329885946672956	   4.735282209609141	   0.000000000000000	  -0.237104195205283
  19.953801423677696	   0.000943584145653	   0.346851101810734	   0.000409104000714	   0.346851101810734	   4.126846546823235	   0.000000000000000	  -0.251354925521016
  20.454001001159611	   0.000903075495282	   0.349306042498589	   0.000394312159168	   0.349306042498589	   4.021414452347710	   0.000000000000000	  -0.253417075698815
  20.964227091759312	   0.000881684701867	   0.352592794735114	   0.000388594591383	   0.352592794735114	   4.047785186987254	   0.000000000000000	  -0.256177947577496
  21.484680677184556	   0.000875323695858	   0.347668869131581	   0.000380403499329	   0.347668869131581	   4.171442458772465	   0.000000000000000	  -0.252041850070528
  22.015566767826485	   0.000855920383530	   0.342501659186155	   0.000366442689363	   0.342501659186155	   4.320607204288813	   0.000000000000000	  -0.247701393716371
  22.557094483514692	   0.000816805715184	   0.348973511740208	   0.000356304448546	   0.348973511740208	   4.258542855086849	   0.000000000000000	  -0.253137749861775
  23.109477135891030	   0.000794708523958	   0.344721178200006	   0.000342441073380	   0.344721178200006	   4.270601846330388	   0.000000000000000	  -0.249565789688005
  23.672932312434551	   0.000769968465315	   0.348299150605877	   0.000335224203078	   0.348299150605877	   4.385337521862779	   0.000000000000000	  -0.252571286508937
  24.247681962170830	   0.000788000257139	   0.332787942511578	   0.000327796230340	   0.332787942511578	   4.727951964554167	   0.000000000000000	  -0.239541871709726
  24.833952483099225	   0.000825539494361	   0.311699229583981	   0.000321650030479	   0.311699229583981	   5.350509831158633	   0.000000000000000	  -0.221827352850544
  25.431974811372712	   0.000726623469973	   0.340222552776445	   0.000309017114827	   0.340222552776445	   4.500080249549869	   0.000000000000000	  -0.245786944332214
  26.041984512265230	   0.000697565861411	   0.344217946515684	   0.000300143360468	   0.344217946515684	   4.455642638960369	   0.000000000000000	  -0.249143075073175
  26.664221872962592	   0.000687365262111	   0.340531468414245	   0.000292586877555	   0.340531468414245	   4.541371474217630	   0.000000000000000	  -0.246046433467966
  27.298931997213284	   0.000673090858836	   0.336370392186992	   0.000283009795205	   0.336370392186992	   4.759205572759671	   0.000000000000000	  -0.242551129437073
  27.946364901876599	   0.000663454809962	   0.333315654692851	   0.000276424842927	   0.333315654692851	   4.797707895861104	   0.000000000000000	  -0.239985149941995
  28.606775615406072	   0.000645138137265	   0.331478804444444	   0.000267312023053	   0.331478804444444	   4.850158390579636	   0.000000000000000	  -0.238442195733333
  29.280424278307006	   0.000647520978251	   0.325584851003105	   0.000263528776531	   0.325584851003105	   5.133651591339249	   0.000000000000000	  -0.233491274842608
  29.967576245607663	   0.000634106006547	   0.321016134245376	   0.000254447823654	   0.321016134245376	   5.281183260124990	   0.000000000000000	  -0.229653552766116
  30.668502191384540	   0.000605997809397	   0.324198504054888	   0.000245579479084	   0.324198504054888	   5.125069137254074	   0.000000000000000	  -0.232326743406106
  31.383478215382809	   0.000574553721854	   0.331415535507330	   0.000238020036758	   0.331415535507330	   4.841144625145104	   0.000000000000000	  -0.238389049826157
  32.112785951773979	   0.000581789711400	   0.318071383022275	   0.000231313322666	   0.318071383022275	   5.267908743256379	   0.000000000000000	  -0.227179961738711
  32.856712680093608	   0.000547121480301	   0.326054544271116	   0.000222989306151	   0.326054544271116	   5.061211331309771	   0.000000000000000	  -0.233885817187737
  33.615551438402782	   0.000547233460473	   0.319533564080503	   0.000218574322511	   0.319533564080503	   5.339920314894524	   0.000000000000000	  -0.228408193827623
  34.389601138717879	   0.000537138143260	   0.315405374230039	   0.000211770321360	   0.315405374230039	   5.530442921828826	   0.000000000000000	  -0.224940514353233
  35.179166684754207	   0.000518437856240	   0.320269654397852	   0.000207549891306	   0.320269654397852	   5.471868659871865	   0.000000000000000	  -0.229026509694196
  35.984559092029656	   0.000501341319496	   0.316140507529811	   0.000198117873989	   0.316140507529811	   5.506273191215798	   0.000000000000000	  -0.225558026325041
  36.806095610376069	   0.000488802346299	   0.314166468398213	   0.000191956633602	   0.314166468398213	   5.593817969943972	   0.000000000000000	  -0.223899833454499
  37.644099848906109	   0.000466862122440	   0.321224713993197	   0.000187459564694	   0.321224713993197	   5.445788651046283	   0.000000000000000	  -0.229828759754285
  38.498901903485248	   0.000469351457240	   0.313865598393144	   0.000184141594979	   0.313865598393144	   5.759186652371190	   0.000000000000000	  -0.223647102650241
  39.370838486758899	   0.000454005818633	   0.315064545049621	   0.000178801420872	   0.315064545049621	   5.733685524308719	   0.000000000000000	  -0.224654217841681
  40.260253060785928	   0.000434488328078	   0.315902386857164	   0.000171569874877	   0.315902386857164	   5.664208215307549	   0.000000000000000	  -0.225358004960017
  41.167495972330784	   0.000437967012628	   0.307932948127676	   0.000168580591727	   0.307932948127676	   5.916562949729957	   0.000000000000000	  -0.218663676427248
  42.092924590867682	   0.000422873478346	   0.307145182837775	   0.000162354439780	   0.307145182837775	   5.952523430674547	   0.000000000000000	  -0.218001953583731
  43.036903449350881	   0.000404630799141	   0.312621982452922	   0.000158120603236	   0.312621982452922	   5.945666964608193	   0.000000000000000	  -0.222602465260454
  43.999804387806932	   0.000395287910953	   0.311547196973170	   0.000153938550819	   0.311547196973170	   6.032725362786287	   0.000000000000000	  -0.221699645457462
  44.982006699805019	   0.000377351864366	   0.312085990342104	   0.000147207787873	   0.312085990342104	   6.004265973088447	   0.000000000000000	  -0.222152231887368
  45.983897281863534	   0.000366017508366	   0.316010229239194	   0.000144581595905	   0.316010229239194	   6.074902211804352	   0.000000000000000	  -0.225448592560923
  47.005870785851243	   0.000357353947715	   0.312566327307510	   0.000139621013733	   0.312566327307510	   6.160771896833672	   0.000000000000000	  -0.222555714938308
  48.048329774443644	   0.000350800874754	   0.306864293001283	   0.000134560328019	   0.306864293001283	   6.308951992404484	   0.000000000000000	  -0.217766006121077
  49.111684879695076	   0.000333875664516	   0.316384982710901	   0.000132041557932	   0.316384982710901	   6.150621446585940	   0.000000000000000	  -0.225763385477157
  50.196354964789833	   0.000330667673391	   0.308767291193373	   0.000127624202248	   0.308767291193373	   6.394948779964833	   0.000000000000000	  -0.219364524602433
  51.302767289035245	   0.000320109037825	   0.307552121307941	   0.000123062767041	   0.307552121307941	   6.470511318385140	   0.000000000000000	  -0.218343781898671
  52.431357676162229	   0.000304422822332	   0.315759162738732	   0.000120155369373	   0.315759162738732	   6.375547446507841	   0.000000000000000	  -0.225237696700535
  53.582570685999322	   0.000296549686760	   0.319250257545430	   0.000118341954842	   0.319250257545430	   6.438452983898866	   0.000000000000000	  -0.228170216338161
  54.756859789588042	   0.000283927097403	   0.317180437959735	   0.000112570151379	   0.317180437959735	   6.423187581992613	   0.000000000000000	  -0.226431567886178
  55.954687547808334	   0.000273947611679	   0.316048935253442	   0.000108226063733	   0.316048935253442	   6.494542804417271	   0.000000000000000	  -0.225481105612891
  57.176525793584617	   0.000268648380121	   0.320359394307570	   0.000107580040422	   0.320359394307570	   6.644346468090681	   0.000000000000000	  -0.229101891218359
  58.422855817744157	   0.000253000368449	   0.327029458277143	   0.000103423216797	   0.327029458277143	   6.460671033851150	   0.000000000000000	  -0.234704744952800
  59.694168558600964	   0.000247471101119	   0.322524885766126	   0.000099769485773	   0.322524885766126	   6.610752529702672	   0.000000000000000	  -0.230920904043545
  60.990964795339906	   0.000238909008352	   0.324455289222516	   0.000096894114253	   0.324455289222516	   6.657984689272793	   0.000000000000000	  -0.232542442946914
  62.313755345277215	   0.000232100152854	   0.326389627976938	   0.000094693853179	   0.326389627976938	   6.756421858985074	   0.000000000000000	  -0.234167287500628
  63.663061265075093	   0.000218701872378	   0.334711892334745	   0.000091502646951	   0.334711892334745	   6.648471817938882	   0.000000000000000	  -0.241157989561186
  65.039414055989610	   0.000208599121482	   0.337770719803143	   0.000088073344267	   0.337770719803143	   6.609618829608701	   0.000000000000000	  -0.243727404634640
  66.443355873232932	   0.000199095335349	   0.341903604964159	   0.000085089266109	   0.341903604964159	   6.557716397103349	   0.000000000000000	  -0.247199028169893
  67.875439739532069	   0.000193043250622	   0.346404563088964	   0.000083588828611	   0.346404563088964	   6.649316001167857	   0.000000000000000	  -0.250979832994730
  69.336229762968543	   0.000187879129376	   0.348611267509536	   0.000081870976788	   0.348611267509536	   6.740494514275730	   0.000000000000000	  -0.252833464708010
  70.826301359184498	   0.000175511559840	   0.351598231727088	   0.000077136942609	   0.351598231727088	   6.540508188616435	   0.000000000000000	  -0.255342514650754
  72.346241478043211	   0.000167678177365	   0.356811128721063	   0.000074786799659	   0.356811128721063	   6.513262127140518	   0.000000000000000	  -0.259721348125693
  73.896648834832604	   0.000162030233098	   0.364687953173239	   0.000073863092576	   0.364687953173239	   6.547640335375999	   0.000000000000000	  -0.266337880665521
  75.478134146103727	   0.000156227758518	   0.366487721772971	   0.000071569444121	   0.366487721772971	   6.591675574868458	   0.000000000000000	  -0.267849686289296
  77.091320370236204	   0.000149424510902	   0.367230000852761	   0.000068591454082	   0.367230000852761	   6.599485529044963	   0.000000000000000	  -0.268473200716319
  78.736842952826066	   0.000141074964070	   0.377119143976373	   0.000066502587108	   0.377119143976373	   6.454407823342449	   0.000000000000000	  -0.276780080940154
  80.415350076992326	   0.000133699311888	   0.388213071080121	   0.000064879775587	   0.388213071080121	   6.368548605850918	   0.000000000000000	  -0.286098979707301
  82.127502918700927	   0.000127482685460	   0.396438533475110	   0.000063173811084	   0.396438533475110	   6.304287688758438	   0.000000000000000	  -0.293008368119093
  83.873975907206642	   0.000120514477084	   0.402204380679993	   0.000060589313273	   0.402204380679993	   6.192420954142732	   0.000000000000000	  -0.297851679771194
  85.655456990715692	   0.000114965451220	   0.405539722045357	   0.000058278821416	   0.405539722045357	   6.111286933646358	   0.000000000000000	  -0.300653366518100
  87.472647907373343	   0.000110521780338	   0.410014324712131	   0.000056644391414	   0.410014324712131	   6.127821187053673	   0.000000000000000	  -0.304412032758190
  89.326264461683706	   0.000105101284815	   0.415281631958151	   0.000054558291349	   0.415281631958151	   6.028246686775199	   0.000000000000000	  -0.308836570844847
  91.217036806470134	   0.000099800231729	   0.422516228469524	   0.000052709021888	   0.422516228469524	   5.899359543383285	   0.000000000000000	  -0.314913631914400
  93.145709730487710	   0.000096501290766	   0.431711136626491	   0.000052075852403	   0.431711136626491	   5.968517376121639	   0.000000000000000	  -0.322637354766253
  95.113042951800850	   0.000093112968266	   0.432717127140436	   0.000050364470159	   0.432717127140436	   5.980849358998451	   0.000000000000000	  -0.323482386797966
  97.119811417041745	   0.000088924889177	   0.429657620508485	   0.000047759070360	   0.429657620508485	   5.919065500229370	   0.000000000000000	  -0.320912401227128
  99.166805606667282	   0.000084969444866	   0.432276328894702	   0.000045912849619	   0.432276328894702	   5.872629368961358	   0.000000000000000	  -0.323112116271549
 101.254831846334966	   0.000081223113100	   0.438086108625444	   0.000044478396936	   0.438086108625444	   5.796764361540832	   0.000000000000000	  -0.327992331245373
 103.384712624520461	   0.000077152905882	   0.444910812633262	   0.000042907702566	   0.444910812633262	   5.661969280654437	   0.000000000000000	  -0.333725082611940
 105.557286916501653	   0.000074663243058	   0.451073957520681	   0.000042098305659	   0.451073957520681	   5.715966028619166	   0.000000000000000	  -0.338902124317372
 107.773410514836797	   0.000072716901249	   0.455091543775926	   0.000041366058560	   0.455091543775926	   5.790293938886231	   0.000000000000000	  -0.342276896771778
 110.033956366467706	   0.000069303268188	   0.453900602508624	   0.000039320993983	   0.453900602508624	   5.717227497583747	   0.000000000000000	  -0.341276506107245
 112.339814916579556	   0.000066047611064	   0.452445354703520	   0.000037353668519	   0.452445354703520	   5.636390604959542	   0.000000000000000	  -0.340054097950957
 114.691894459353648	   0.000063981448567	   0.452336049400825	   0.000036176394599	   0.452336049400825	   5.657883180954125	   0.000000000000000	  -0.339962281496693
 117.091121495751040	   0.000061774451149	   0.452588417370059	   0.000034948001349	   0.452588417370059	   5.699660683200857	   0.000000000000000	  -0.340174270590850
 119.538441098467814	   0.000059606908096	   0.455588484230563	   0.000033945276136	   0.455588484230563	   5.740902398298990	   0.000000000000000	  -0.342694326753673
 122.034817284206056	   0.000057269426667	   0.462739673230353	   0.000033126044727	   0.462739673230353	   5.719299720688855	   0.000000000000000	  -0.348701325513497
 124.581233393406904	   0.000055019225581	   0.463485654494931	   0.000031875777223	   0.463485654494931	   5.705979827477559	   0.000000000000000	  -0.349327949775742
 127.178692477595433	   0.000052667560720	   0.462894668513593	   0.000030474416326	   0.462894668513593	   5.657638648920427	   0.000000000000000	  -0.348831521551418
 129.828217694489695	   0.000050357999834	   0.460788303932994	   0.000029005471666	   0.460788303932994	   5.594942066723950	   0.000000000000000	  -0.347062175303715
 132.530852711029951	   0.000048665570475	   0.463146014571087	   0.000028174081265	   0.463146014571087	   5.623873136939943	   0.000000000000000	  -0.349042652239713
 135.287662114486608	   0.000046988033284	   0.467543048210400	   0.000027461160389	   0.467543048210400	   5.666218244124027	   0.000000000000000	  -0.352736160496736
 138.099731831808668	   0.000045294829881	   0.468993009828474	   0.000026553698245	   0.468993009828474	   5.687701442282040	   0.000000000000000	  -0.353954128255919
 140.968169557378133	   0.000043241672733	   0.468642611701036	   0.000025331113055	   0.468642611701036	   5.625184292358314	   0.000000000000000	  -0.353659793828870
 143.894105189338831	   0.000041227084717	   0.468823594840887	   0.000024160287578	   0.468823594840887	   5.532976527437782	   0.000000000000000	  -0.353811819666345
 146.878691274671183	   0.000039467008928	   0.471258637794548	   0.000023248961082	   0.471258637794548	   5.497270083880003	   0.000000000000000	  -0.355857255747420
 149.923103463188966	   0.000038411702752	   0.476172661993429	   0.000022863253439	   0.476172661993429	   5.610424895013126	   0.000000000000000	  -0.359985036074480
 153.028540970636101	   0.000036815611047	   0.477177967554968	   0.000021959498067	   0.477177967554968	   5.578263143856968	   0.000000000000000	  -0.360829492746173
 156.196227051066046	   0.000035112107965	   0.476845816574221	   0.000020928827243	   0.476845816574221	   5.497677459646708	   0.000000000000000	  -0.360550485922346
 159.427409478690691	   0.000033529248955	   0.475918486917219	   0.000019946486787	   0.475918486917219	   5.436041623824037	   0.000000000000000	  -0.359771529010464
 162.723361039387413	   0.000032228695226	   0.477256815376495	   0.000019226705559	   0.477256815376495	   5.443777722029008	   0.000000000000000	  -0.360895724916256
 166.085380032058595	   0.000031091236788	   0.479993149854412	   0.000018654475848	   0.479993149854412	   5.486149314283668	   0.000000000000000	  -0.363194245877706
 169.514790780040585	   0.000029787688926	   0.481098877600479	   0.000017913529636	   0.481098877600479	   5.472916362468564	   0.000000000000000	  -0.364123057184403
 173.012944152764533	   0.000028427095831	   0.480525823418856	   0.000017074942040	   0.480525823418856	   5.410878108826876	   0.000000000000000	  -0.363641691671839
 176.581218097873204	   0.000027177974903	   0.480695477008152	   0.000016330412013	   0.480695477008152	   5.371553057556930	   0.000000000000000	  -0.363784200686848
 180.221018184004606	   0.000026091091204	   0.482139427897428	   0.000015724429733	   0.482139427897428	   5.374994686960954	   0.000000000000000	  -0.364997119433840
 183.933778154455439	   0.000025061007745	   0.485140347620795	   0.000015197632511	   0.485140347620795	   5.376465209641046	   0.000000000000000	  -0.367517892001468
 187.720960491942861	   0.000024009930284	   0.487177735930892	   0.000014621379345	   0.487177735930892	   5.364542039913233	   0.000000000000000	  -0.369229298181949
 191.584056994686932	   0.000022857723735	   0.486932321040473	   0.000013912705590	   0.486932321040473	   5.293479825817504	   0.000000000000000	  -0.369023149673997
 195.524589364040509	   0.000021796647961	   0.486823184163706	   0.000013263891955	   0.486823184163706	   5.239721690006543	   0.000000000000000	  -0.368931474697513
 199.544109803898436	   0.000020936258911	   0.488116285069511	   0.000012774161153	   0.488116285069511	   5.250618880949800	   0.000000000000000	  -0.370017679458390
 203.644201632121622	   0.000020038370675	   0.490663936903309	   0.000012290132306	   0.490663936903309	   5.235463252205746	   0.000000000000000	  -0.372157706998779
 207.826479904217365	   0.000019146144791	   0.491123737628605	   0.000011753907738	   0.491123737628605	   5.197757557525167	   0.000000000000000	  -0.372543939608029
 212.092592049521272	   0.000018224657143	   0.490861805996305	   0.000011182235148	   0.490861805996305	   5.139768330190508	   0.000000000000000	  -0.372323917036896
 216.444218520131415	   0.000017424180831	   0.491892583848569	   0.000010713531663	   0.491892583848569	   5.116175131280690	   0.000000000000000	  -0.373189770432798
 220.883073452850454	   0.000016700832675	   0.492931985224321	   0.000010290468257	   0.492931985224321	   5.116501529603765	   0.000000000000000	  -0.374062867588430
 225.410905344396497	   0.000015936370481	   0.493892275286118	   0.000009838562846	   0.493892275286118	   5.088814965147912	   0.000000000000000	  -0.374869511240339
 230.029497740148116	   0.000015185626825	   0.493977101740547	   0.000009376689909	   0.493977101740547	   5.040603281135700	   0.000000000000000	  -0.374940765462059
 234.740669936696065	   0.000014494170662	   0.494767893404786	   0.000008964062856	   0.494767893404786	   5.009569287073981	   0.000000000000000	  -0.375605030460020
 239.546277698477070	   0.000013899628837	   0.496143084821458	   0.000008620255911	   0.496143084821458	   5.024904619147740	   0.000000000000000	  -0.376760191250025
 244.448213988772579	   0.000013233011693	   0.497182702583729	   0.000008224030646	   0.497182702583729	   4.975256102090833	   0.000000000000000	  -0.377633470170333
 249.448409715360782	   0.000012620681863	   0.498441351653345	   0.000007863337158	   0.498441351653345	   4.948020638524209	   0.000000000000000	  -0.378690735388810
 254.548834491114690	   0.000011988719785	   0.498187229758058	   0.000007465783873	   0.498187229758058	   4.875363087380246	   0.000000000000000	  -0.378477272996769
 259.751497409847104	   0.000011455918469	   0.499364213132625	   0.000007150844640	   0.499364213132625	   4.868630323214491	   0.000000000000000	  -0.379465939031405
 265.058447837706694	   0.000010918770545	   0.499966134710710	   0.000006823769381	   0.499966134710710	   4.836046220160158	   0.000000000000000	  -0.379971553156996
 270.471776220438471	   0.000010400656849	   0.500434097008781	   0.000006506054148	   0.500434097008781	   4.801391687878628	   0.000000000000000	  -0.380364641487376
 275.993614906824291	   0.000009893535147	   0.500687699211615	   0.000006191964187	   0.500687699211615	   4.753995571861418	   0.000000000000000	  -0.380577667337757
 281.626138988632079	   0.000009434859803	   0.501504833914595	   0.000005914534748	   0.501504833914595	   4.729376513383428	   0.000000000000000	  -0.381264060488260
 287.371567157397749	   0.000008988059400	   0.502109233801225	   0.000005641234523	   0.502109233801225	   4.700435300485768	   0.000000000000000	  -0.381771756393029
 293.232162578386180	   0.000008553936312	   0.502619590416057	   0.000005374219957	   0.502619590416057	   4.663376373483143	   0.000000000000000	  -0.382200455949487
 299.210233782065643	   0.000008135663747	   0.502968707338860	   0.000005114980347	   0.502968707338860	   4.624164561579521	   0.000000000000000	  -0.382493714164643
 305.308135573457037	   0.000007742296583	   0.503427366867358	   0.000004872104978	   0.503427366867358	   4.593257980932981	   0.000000000000000	  -0.382878988168581
 311.528269959705767	   0.000007368246170	   0.503970928014841	   0.000004641727325	   0.503970928014841	   4.561623620275373	   0.000000000000000	  -0.383335579532466
 317.873087096252334	   0.000007003892851	   0.504325153825911	   0.000004415299175	   0.504325153825911	   4.524162326856042	   0.000000000000000	  -0.383633129213765
 324.345086251963437	   0.000006660563841	   0.504638733221846	   0.000004201473124	   0.504638733221846	   4.489283716811713	   0.000000000000000	  -0.383896535906350
 330.946816793614232	   0.000006337702960	   0.505297295403486	   0.000004003030206	   0.505297295403486	   4.457669759643909	   0.000000000000000	  -0.384449728138928
 337.680879190099859	   0.000006019383426	   0.505611369359206	   0.000003804335871	   0.505611369359206	   4.422472353115866	   0.000000000000000	  -0.384713550261733
 344.549926036781130	   0.000005721441654	   0.505968807624237	   0.000003618588764	   0.505968807624237	   4.387255222471599	   0.000000000000000	  -0.385013798404359
 351.556663100358321	   0.000005436418348	   0.506410905735840	   0.000003441326925	   0.506410905735840	   4.354386584573407	   0.000000000000000	  -0.385385160818105
 358.703850384694761	   0.000005168993477	   0.507016851130763	   0.000003275958495	   0.507016851130763	   4.331228753273647	   0.000000000000000	  -0.385894154949841
 365.994303217999231	   0.000004912074666	   0.507479156705345	   0.000003115969386	   0.507479156705345	   4.301429439615797	   0.000000000000000	  -0.386282491632489
 373.430893361806454	   0.000004658591550	   0.507630504962110	   0.000002956053976	   0.507630504962110	   4.252139834981921	   0.000000000000000	  -0.386409624168172
 381.016550142182439	   0.000004420420273	   0.508252458949992	   0.000002808361841	   0.508252458949992	   4.211038163995287	   0.000000000000000	  -0.386932065517993
 388.754261603608938	   0.000004199338150	   0.508706992389600	   0.000002670290850	   0.508706992389600	   4.183564694819857	   0.000000000000000	  -0.387313873607264
 396.647075685993627	   0.000003985587179	   0.508863716587212	   0.000002535150881	   0.508863716587212	   4.146537694298400	   0.000000000000000	  -0.387445521933259
 404.698101425276263	   0.000003782290636	   0.509214172815551	   0.000002407494997	   0.509214172815551	   4.109360407272382	   0.000000000000000	  -0.387739905165063
 412.910510178101390	   0.000003587884260	   0.509418082749849	   0.000002284666401	   0.509418082749849	   4.075885546578970	   0.000000000000000	  -0.387911189509873
 421.287536871035911	   0.000003406129397	   0.509617089796605	   0.000002169777189	   0.509617089796605	   4.043577492942295	   0.000000000000000	  -0.388078355429148
 429.832481274832446	   0.000003229712979	   0.509946653122719	   0.000002058726655	   0.509946653122719	   4.008474308150383	   0.000000000000000	  -0.388355188623084
 438.548709304229988	   0.000003062943043	   0.510119633937339	   0.000001953084230	   0.510119633937339	   3.973812189373389	   0.000000000000000	  -0.388500492507365
 447.439654343814709	   0.000002905444985	   0.510383614965771	   0.000001853614393	   0.510383614965771	   3.942127757134323	   0.000000000000000	  -0.388722236571248
 456.508818600451718	   0.000002755110883	   0.510561869073684	   0.000001758318202	   0.510561869073684	   3.908938772663144	   0.000000000000000	  -0.388871970021894
 465.759774482832427	   0.000002612119437	   0.510722849337980	   0.000001667586352	   0.510722849337980	   3.875201099951598	   0.000000000000000	  -0.389007193443903
 475.196166008668570	   0.000002476487516	   0.510941578931447	   0.000001581675552	   0.510941578931447	   3.843282017903295	   0.000000000000000	  -0.389190926302416
 484.821710240100515	   0.000002347776901	   0.511093141375800	   0.000001499915840	   0.511093141375800	   3.811390703612383	   0.000000000000000	  -0.389318238755672
 494.640198747870841	   0.000002225331076	   0.511238992223876	   0.000001422095021	   0.511238992223876	   3.779089426766408	   0.000000000000000	  -0.389440753468056
 504.655499104854982	   0.000002108918040	   0.511446656273551	   0.000001348248850	   0.511446656273551	   3.747755801141746	   0.000000000000000	  -0.389615191269783
 514.871556409522213	   0.000001998823097	   0.511544366449281	   0.000001278108369	   0.511544366449281	   3.716606337530764	   0.000000000000000	  -0.389697267817396
 525.292394839941721	   0.000001894031625	   0.511680508568128	   0.000001211423831	   0.511680508568128	   3.685533720637364	   0.000000000000000	  -0.389811627197227
 535.922119238931259	   0.000001794366903	   0.511904268456768	   0.000001148180096	   0.511904268456768	   3.655321265799654	   0.000000000000000	  -0.389999585503685
 546.764916730988261	   0.000001700347697	   0.512080127232719	   0.000001088392831	   0.512080127232719	   3.624854222466037	   0.000000000000000	  -0.390147306875484
 557.825058371624777	   0.000001610542405	   0.512177403559671	   0.000001031104284	   0.512177403559671	   3.594683523575431	   0.000000000000000	  -0.390229018990123
 569.106900829767824	   0.000001525622674	   0.512272754895044	   0.000000976918663	   0.512272754895044	   3.565202684952424	   0.000000000000000	  -0.390309114111837
 580.614888103884141	   0.000001445012314	   0.512401894659617	   0.000000925533809	   0.512401894659617	   3.536043064106375	   0.000000000000000	  -0.390417591514079
 592.353553272499767	   0.000001368456583	   0.512494506991566	   0.000000876658102	   0.512494506991566	   3.506956762139816	   0.000000000000000	  -0.390495385872916
 604.327520279815872	   0.000001296071659	   0.512557562440195	   0.000000830389163	   0.512557562440195	   3.478491459051906	   0.000000000000000	  -0.390548352449764
 616.541505757109235	   0.000001227220222	   0.512681978819954	   0.000000786467115	   0.512681978819954	   3.450482640416941	   0.000000000000000	  -0.390652862208762
 629.000320880651543	   0.000001162007111	   0.512760757402595	   0.000000744789558	   0.512760757402595	   3.422408876976924	   0.000000000000000	  -0.390719036218180
 641.708873266861701	   0.000001100369382	   0.512774619664357	   0.000000705301864	   0.512774619664357	   3.395190865839539	   0.000000000000000	  -0.390730680518060
 654.672168905455578	   0.000001041615755	   0.512927865204008	   0.000000667842182	   0.512927865204008	   3.368320194142637	   0.000000000000000	  -0.390859406771367
 667.895314131336477	   0.000000986159133	   0.513041974639316	   0.000000632426286	   0.513041974639316	   3.342456571525319	   0.000000000000000	  -0.390955258697026
 681.383517636021452	   0.000000934140413	   0.513233296395868	   0.000000599289954	   0.513233296395868	   3.323156113179532	   0.000000000000000	  -0.391115968972529
 695.142092519378139	   0.000000883849517	   0.513177799900954	   0.000000566964938	   0.513177799900954	   3.291842000933662	   0.000000000000000	  -0.391069351916802
 709.176458382496776	   0.000000836338995	   0.513217766838428	   0.000000536530039	   0.513217766838428	   3.262765701751472	   0.000000000000000	  -0.391102924144279
 723.492143462505965	   0.000000791969177	   0.513334692631550	   0.000000508181568	   0.513334692631550	   3.242569393146216	   0.000000000000000	  -0.391201141810502
 738.094786810187998	   0.000000749272077	   0.513292238798896	   0.000000480744427	   0.513292238798896	   3.213137219068352	   0.000000000000000	  -0.391165480591073
 752.990140511238792	   0.000000708889375	   0.513395479359372	   0.000000454925751	   0.513395479359372	   3.185630034665935	   0.000000000000000	  -0.391252202661873
 768.184071952058616	   0.000000671037447	   0.513486940199130	   0.000000430711207	   0.513486940199130	   3.164453085445687	   0.000000000000000	  -0.391329029767269
 783.682566130953091	   0.000000634857826	   0.513448433891745	   0.000000407458445	   0.513448433891745	   3.137780537697219	   0.000000000000000	  -0.391296684469066
 799.491728015672720	   0.000000600773719	   0.513493769300857	   0.000000385616952	   0.513493769300857	   3.113509852574636	   0.000000000000000	  -0.391334766212720
 815.617784948197595	   0.000000568546850	   0.513553924615144	   0.000000364974333	   0.513553924615144	   3.091944516866142	   0.000000000000000	  -0.391385296676721
 832.067089097734652	   0.000000537878115	   0.513502137423235	   0.000000345251952	   0.513502137423235	   3.067635399871549	   0.000000000000000	  -0.391341795435517
 848.846119962884700	   0.000000508899328	   0.513534186160346	   0.000000326671503	   0.513534186160346	   3.044971468580708	   0.000000000000000	  -0.391368716374691
 865.961486923958091	   0.000000481488505	   0.513565116928615	   0.000000309094625	   0.513565116928615	   3.023608360245209	   0.000000000000000	  -0.391394698220036
 883.419931846462873	   0.000000455502018	   0.513543749500338	   0.000000292400268	   0.513543749500338	   3.001200420021926	   0.000000000000000	  -0.391376749580284
 901.228331736767586	   0.000000430937311	   0.513544593492363	   0.000000276631908	   0.513544593492363	   2.979958064610498	   0.000000000000000	  -0.391377458533585
 919.393701451009520	   0.000000407685979	   0.513547555111607	   0.000000261707672	   0.513547555111607	   2.959340141260242	   0.000000000000000	  -0.391379946293750
 937.923196458290931	   0.000000385676271	   0.513522674758047	   0.000000247566888	   0.513522674758047	   2.938622340040211	   0.000000000000000	  -0.391359046796759
 956.824115659275662	   0.000000364846025	   0.513519138369652	   0.000000234194271	   0.513519138369652	   2.918557196792462	   0.000000000000000	  -0.391356076230507
 976.103904261270941	   0.000000345132548	   0.513515378988366	   0.000000221538589	   0.513515378988366	   2.898893241168484	   0.000000000000000	  -0.391352918350228
 995.770156710956257	   0.000000326495248	   0.513474245825658	   0.000000209558627	   0.513474245825658	   2.879694673161283	   0.000000000000000	  -0.391318366493553
1015.830619685881288	   0.000000308832648	   0.513480976218435	   0.000000198224612	   0.513480976218435	   2.860607118076175	   0.000000000000000	  -0.391324020023485
1036.293195145946811	   0.000000292132341	   0.513466694296223	   0.000000187500284	   0.513466694296223	   2.842077330251056	   0.000000000000000	  -0.391312023208828
1057.165943446034134	   0.000000276340747	   0.513452579982895	   0.000000177359837	   0.513452579982895	   2.823942435485373	   0.000000000000000	  -0.391300167185632
1078.457086511045418	   0.000000261405330	   0.513442211671293	   0.000000167770664	   0.513442211671293	   2.806242336505479	   0.000000000000000	  -0.391291457803886
1100.175011074569738	   0.000000247252728	   0.513413858426384	   0.000000158678721	   0.513413858426384	   2.788778308178836	   0.000000000000000	  -0.391267641078163
1122.328271982486967	   0.000000233868448	   0.513386622059649	   0.000000150081166	   0.513386622059649	   2.771693678850923	   0.000000000000000	  -0.391244762530105
1144.925595562772742	   0.000000221210251	   0.513362652342543	   0.000000141951352	   0.513362652342543	   2.754994595199948	   0.000000000000000	  -0.391224627967736
1167.975883062872072	   0.000000209229344	   0.513331900308782	   0.000000134255121	   0.513331900308782	   2.738602414308132	   0.000000000000000	  -0.391198796259377
1191.488214155954438	   0.000000197899671	   0.513303361585129	   0.000000126978208	   0.513303361585129	   2.722582158580047	   0.000000000000000	  -0.391174823731508
1215.471850517467374	   0.000000187180808	   0.513273284555296	   0.000000120093635	   0.513273284555296	   2.706890923890583	   0.000000000000000	  -0.391149559026449
1239.936239473378691	   0.000000177040911	   0.513241742868703	   0.000000113580982	   0.513241742868703	   2.691531862953668	   0.000000000000000	  -0.391123064009710
1264.891017721538674	   0.000000167450330	   0.513209982428974	   0.000000107421476	   0.513209982428974	   2.676506107784649	   0.000000000000000	  -0.391096385240338
1290.346015127653118	   0.000000158377657	   0.513177398421654	   0.000000101594793	   0.513177398421654	   2.661794908107936	   0.000000000000000	  -0.391069014674189
1316.311258597328560	   0.000000149796140	   0.513144232834469	   0.000000096083782	   0.513144232834469	   2.647407910868293	   0.000000000000000	  -0.391041155580954
1342.796976025751064	   0.000000141679257	   0.513110011879452	   0.000000090871307	   0.513110011879452	   2.633326746373698	   0.000000000000000	  -0.391012409978740
1369.813600326519463	   0.000000134001343	   0.513076079196467	   0.000000085941104	   0.513076079196467	   2.619549661566667	   0.000000000000000	  -0.390983906525033
1397.371773541251287	   0.000000126743330	   0.513050273799206	   0.000000081282125	   0.513050273799206	   2.606164839601910	   0.000000000000000	  -0.390962229991333
1425.482351031552753	   0.000000119875478	   0.513016421725388	   0.000000076872611	   0.513016421725388	   2.592997789120029	   0.000000000000000	  -0.390933794249326
1454.156405755030619	   0.000000113376332	   0.512976707261415	   0.000000072699272	   0.512976707261415	   2.580061252323176	   0.000000000000000	  -0.390900434099589
1483.405232627001169	   0.000000107231127	   0.512944697351627	   0.000000068754548	   0.512944697351627	   2.567440365860167	   0.000000000000000	  -0.390873545775367
1513.240352969647574	   0.000000101419197	   0.512905245137138	   0.000000065023047	   0.512905245137138	   2.555094621715964	   0.000000000000000	  -0.390840405915196
1543.673519050339564	   0.000000095921632	   0.512867307321798	   0.000000061493836	   0.512867307321798	   2.543048865416913	   0.000000000000000	  -0.390808538150311
1574.716718710949181	   0.000000090721396	   0.512837224408195	   0.000000058156636	   0.512837224408195	   2.531178432973912	   0.000000000000000	  -0.390783268502884
1606.382180089933854	   0.000000085805378	   0.512791384898253	   0.000000055000323	   0.512791384898253	   2.519715020200366	   0.000000000000000	  -0.390744763314533
1638.682376439100153	   0.000000081153859	   0.512756896447139	   0.000000052015251	   0.512756896447139	   2.508442519335099	   0.000000000000000	  -0.390715793015597
1671.630031036896526	   0.000000076753314	   0.512731091514723	   0.000000049192263	   0.512731091514723	   2.497205149328977	   0.000000000000000	  -0.390694116872368
1705.238122200207954	   0.000000072593215	   0.512693555454485	   0.000000046522592	   0.512693555454485	   2.486428615691798	   0.000000000000000	  -0.390662586581768
1739.519888396612714	   0.000000068658700	   0.512655765091724	   0.000000043997848	   0.512655765091724	   2.475882881991645	   0.000000000000000	  -0.390630842677048
1774.488833459098714	   0.000000064937525	   0.512618462868038	   0.000000041610218	   0.512618462868038	   2.465572618664477	   0.000000000000000	  -0.390599508809152
1810.158731905331706	   0.000000061418219	   0.512580924319446	   0.000000039352259	   0.512580924319446	   2.455496032337315	   0.000000000000000	  -0.390567976428335
1846.543634363525143	   0.000000058089765	   0.512543611595043	   0.000000037216922	   0.512543611595043	   2.445646263876123	   0.000000000000000	  -0.390536633739836
1883.657873107094474	   0.000000054941845	   0.512506408493648	   0.000000035197560	   0.512506408493648	   2.436023273955998	   0.000000000000000	  -0.390505383134664
1921.516067700229314	   0.000000051964694	   0.512469137929075	   0.000000033287878	   0.512469137929075	   2.426612391801175	   0.000000000000000	  -0.390474075860423
1960.133130756659966	   0.000000049149381	   0.512434882715311	   0.000000031482321	   0.512434882715311	   2.417455538477121	   0.000000000000000	  -0.390445301480861
1999.524273813824720	   0.000000046487260	   0.512403159557215	   0.000000029775274	   0.512403159557215	   2.408563119202259	   0.000000000000000	  -0.390418654028060
2039.705013324821948	   0.000000043968311	   0.512364035021509	   0.000000028159727	   0.512364035021509	   2.399731762397032	   0.000000000000000	  -0.390385789418067
2080.691176770434595	   0.000000041585890	   0.512326942397583	   0.000000026631965	   0.512326942397583	   2.391104196421413	   0.000000000000000	  -0.390354631613970
2122.498908893703174	   0.000000039333262	   0.512292975899725	   0.000000025187692	   0.512292975899725	   2.382740614876576	   0.000000000000000	  -0.390326099755769
2165.144678059441958	   0.000000037202513	   0.512253652115861	   0.000000023821404	   0.512253652115861	   2.374503154832998	   0.000000000000000	  -0.390293067777324
2208.645282741259962	   0.000000035187274	   0.512220084163436	   0.000000022529535	   0.512220084163436	   2.366489652652676	   0.000000000000000	  -0.390264870697286
2253.017858138584415	   0.000000033281453	   0.512185308280066	   0.000000021307839	   0.512185308280066	   2.358659370511403	   0.000000000000000	  -0.390235658955256
2298.279882926353366	   0.000000031479175	   0.512145799019715	   0.000000020152409	   0.512145799019715	   2.350987197521133	   0.000000000000000	  -0.390202471176561
2344.449186139977428	   0.000000029774165	   0.512116186668540	   0.000000019059790	   0.512116186668540	   2.343520875945697	   0.000000000000000	  -0.390177596801573
2391.543954198337360	   0.000000028161717	   0.512084544352423	   0.000000018026475	   0.512084544352423	   2.336217789877570	   0.000000000000000	  -0.390151017256035
2439.582738067533228	   0.000000026636873	   0.512050185474534	   0.000000017049270	   0.512050185474534	   2.329076323646860	   0.000000000000000	  -0.390122155798608
2488.584460568245504	   0.000000025194730	   0.512016110151509	   0.000000016125134	   0.512016110151509	   2.322102358899867	   0.000000000000000	  -0.390093532527268
2538.568423829579842	   0.000000023830743	   0.511982721522288	   0.000000015251161	   0.511982721522288	   2.315287332110077	   0.000000000000000	  -0.390065486078722
2589.554316892295446	   0.000000022540726	   0.511949444661046	   0.000000014424640	   0.511949444661046	   2.308629724250041	   0.000000000000000	  -0.390037533515279
2641.562223464479302	   0.000000021320650	   0.511916296934046	   0.000000013642985	   0.511916296934046	   2.302125870083248	   0.000000000000000	  -0.390009689424598
2694.612629832640323	   0.000000020166681	   0.511884154816538	   0.000000012903756	   0.511884154816538	   2.295771800212921	   0.000000000000000	  -0.389982690045892
2748.726432931429372	   0.000000019075285	   0.511851869885302	   0.000000012204651	   0.511851869885302	   2.289564161890753	   0.000000000000000	  -0.389955570703654
2803.924948575065173	   0.000000018043049	   0.511819676613264	   0.000000011543484	   0.511819676613264	   2.283499403683330	   0.000000000000000	  -0.389928528355142
2860.229919853810316	   0.000000017066712	   0.511789068444767	   0.000000010918196	   0.511789068444767	   2.277575130387062	   0.000000000000000	  -0.389902817493604
2917.663525698710146	   0.000000016143328	   0.511757543190433	   0.000000010326837	   0.511757543190433	   2.271786552013983	   0.000000000000000	  -0.389876336279964
2976.248389618047440	   0.000000015269976	   0.511726384299440	   0.000000009767562	   0.511726384299440	   2.266131323429625	   0.000000000000000	  -0.389850162811530
3036.007588608891638	   0.000000014443880	   0.511697734967514	   0.000000009238626	   0.511697734967514	   2.260607746528682	   0.000000000000000	  -0.389826097372712
3096.964662247306478	   0.000000013662628	   0.511666366312057	   0.000000008738384	   0.511666366312057	   2.255209212195939	   0.000000000000000	  -0.389799747702128
3159.143621960741257	   0.000000012923663	   0.511636604152339	   0.000000008265274	   0.511636604152339	   2.249935833214180	   0.000000000000000	  -0.389774747487965
3222.568960486323249	   0.000000012224643	   0.511610478529302	   0.000000007817820	   0.511610478529302	   2.244785873398214	   0.000000000000000	  -0.389752801964614
3287.265661518700199	   0.000000011563651	   0.511577944179763	   0.000000007394636	   0.511577944179763	   2.239749833044588	   0.000000000000000	  -0.389725473111001
3353.259209551319600	   0.000000010938339	   0.511550762280574	   0.000000006994394	   0.511550762280574	   2.234832791609461	   0.000000000000000	  -0.389702640315682
3420.575599914928716	   0.000000010346809	   0.511527613774590	   0.000000006615848	   0.511527613774590	   2.230031229939548	   0.000000000000000	  -0.389683195570656
3489.241349017348512	   0.000000009787381	   0.511501785418292	   0.000000006257829	   0.511501785418292	   2.225339323623252	   0.000000000000000	  -0.389661499751365
3559.283504788450045	   0.000000009258276	   0.511474300236996	   0.000000005919212	   0.511474300236996	   2.220750725629153	   0.000000000000000	  -0.389638412199077
3630.729657334540207	   0.000000008757804	   0.511447765016694	   0.000000005598949	   0.511447765016694	   2.216270527966933	   0.000000000000000	  -0.389616122614022
3703.607949806309989	   0.000000008284430	   0.511421625470840	   0.000000005296046	   0.511421625470840	   2.211894627546516	   0.000000000000000	  -0.389594165395506
3777.947089484602657	   0.000000007836676	   0.511395190766183	   0.000000005009548	   0.511395190766183	   2.207608269498886	   0.000000000000000	  -0.389571960243594
3853.776359088440131	   0.000000007413147	   0.511369858759726	   0.000000004738575	   0.511369858759726	   2.203422452085295	   0.000000000000000	  -0.389550681358170
3931.125628309672720	   0.000000007012547	   0.511344614046914	   0.000000004482285	   0.511344614046914	   2.199334623255282	   0.000000000000000	  -0.389529475799408
4010.025365578885612	   0.000000006633627	   0.511319291149298	   0.000000004239877	   0.511319291149298	   2.195338160055185	   0.000000000000000	  -0.389508204565410
4090.506650067111423	   0.000000006275196	   0.511295484451610	   0.000000004010599	   0.511295484451610	   2.191435069044940	   0.000000000000000	  -0.389488206939352
4172.601183928160026	   0.000000005936171	   0.511271014286064	   0.000000003793740	   0.511271014286064	   2.187617922962605	   0.000000000000000	  -0.389467652000294
4256.341304786299588	   0.000000005615488	   0.511246791595428	   0.000000003588625	   0.511246791595428	   2.183892639131478	   0.000000000000000	  -0.389447304940160
4341.759998474302847	   0.000000005312131	   0.511224802161100	   0.000000003394616	   0.511224802161100	   2.180250454526241	   0.000000000000000	  -0.389428833815324
4428.890912026778096	   0.000000005025210	   0.511200617376501	   0.000000003211113	   0.511200617376501	   2.176685215146687	   0.000000000000000	  -0.389408518596261
4517.768366934003097	   0.000000004753837	   0.511180194270564	   0.000000003037584	   0.511180194270564	   2.173320636636672	   0.000000000000000	  -0.389391363187274
4608.427372661375557	   0.000000004497081	   0.511160964910720	   0.000000002873415	   0.511160964910720	   2.169938381176003	   0.000000000000000	  -0.389375210525005
4700.903640439926676	   0.000000004254227	   0.511134140427826	   0.000000002718101	   0.511134140427826	   2.166524449766951	   0.000000000000000	  -0.389352677959374
4795.233597333191028	   0.000000004024497	   0.511115153388120	   0.000000002571227	   0.511115153388120	   2.163301556184155	   0.000000000000000	  -0.389336728846021
4891.454400586131669	   0.000000003807154	   0.511097348559671	   0.000000002432283	   0.511097348559671	   2.160096455222217	   0.000000000000000	  -0.389321772790124
4989.603952261602899	   0.000000003601582	   0.511077447268763	   0.000000002300859	   0.511077447268763	   2.156963430227405	   0.000000000000000	  -0.389305055705761
5089.720914170266951	   0.000000003407141	   0.511057087435832	   0.000000002176554	   0.511057087435832	   2.153933508895994	   0.000000000000000	  -0.389287953446099
5191.844723099766270	   0.000000003223200	   0.511036750035530	   0.000000002058967	   0.511036750035530	   2.150946817667608	   0.000000000000000	  -0.389270870029845
5296.015606349123118	   0.000000003049202	   0.511017415934512	   0.000000001947744	   0.511017415934512	   2.148038393382737	   0.000000000000000	  -0.389254629384991
5402.274597574603831	   0.000000002884612	   0.510997890491671	   0.000000001842538	   0.510997890491671	   2.145200496416839	   0.000000000000000	  -0.389238228013004
5510.663552953124054	   0.000000002728913	   0.510978749772698	   0.000000001743021	   0.510978749772698	   2.142419706294295	   0.000000000000000	  -0.389222149809066
5621.225167669740586	   0.000000002581625	   0.510960754290667	   0.000000001648887	   0.510960754290667	   2.139706705519493	   0.000000000000000	  -0.389207033604160
5734.002992735549924	   0.000000002442301	   0.510941972957674	   0.000000001559843	   0.510941972957674	   2.137056466334174	   0.000000000000000	  -0.389191257284446
5849.041452142781964	   0.000000002310501	   0.510924100810576	   0.000000001475613	   0.510924100810576	   2.134464188288197	   0.000000000000000	  -0.389176244680884
5966.385860363684515	   0.000000002185817	   0.510907617431835	   0.000000001395938	   0.510907617431835	   2.131930277603598	   0.000000000000000	  -0.389162398642741
6086.082440200267229	   0.000000002067878	   0.510889140435114	   0.000000001320570	   0.510889140435114	   2.129458705896986	   0.000000000000000	  -0.389146877965496
6208.178340991746154	   0.000000001956301	   0.510872960205774	   0.000000001249277	   0.510872960205774	   2.127038539989002	   0.000000000000000	  -0.389133286572850
6332.721657187052188	   0.000000001850747	   0.510858125565887	   0.000000001181837	   0.510858125565887	   2.124670944180738	   0.000000000000000	  -0.389120825475345
6459.761447289528405	   0.000000001750911	   0.510839048342109	   0.000000001118042	   0.510839048342109	   2.122368767120633	   0.000000000000000	  -0.389104800607372
6589.347753181477856	   0.000000001656446	   0.510825795810784	   0.000000001057694	   0.510825795810784	   2.120104429560794	   0.000000000000000	  -0.389093668481059
6721.531619835972378	   0.000000001567084	   0.510812588155737	   0.000000001000608	   0.510812588155737	   2.117891674387155	   0.000000000000000	  -0.389082574050819
6856.365115423872339	   0.000000001482553	   0.510797825999281	   0.000000000946606	   0.510797825999281	   2.115734023090105	   0.000000000000000	  -0.389070173839396
6993.901351823813457	   0.000000001402586	   0.510783178135353	   0.000000000895522	   0.510783178135353	   2.113625536165362	   0.000000000000000	  -0.389057869633696
7134.194505543396190	   0.000000001326935	   0.510769371933425	   0.000000000847197	   0.510769371933425	   2.111562807253912	   0.000000000000000	  -0.389046272424077
7277.299839059664009	   0.000000001255369	   0.510755588761686	   0.000000000801483	   0.510755588761686	   2.109547995772304	   0.000000000000000	  -0.389034694559817
7423.273722587400698	   0.000000001187665	   0.510742160486852	   0.000000000758238	   0.510742160486852	   2.107578291301915	   0.000000000000000	  -0.389023414808956
7572.173656283785022	   0.000000001123615	   0.510729747201939	   0.000000000717329	   0.510729747201939	   2.105650272122470	   0.000000000000000	  -0.389012987649629
7724.058292898063883	   0.000000001063023	   0.510716829392738	   0.000000000678630	   0.510716829392738	   2.103769255632926	   0.000000000000000	  -0.389002136689900
7878.987460875350735	   0.000000001005700	   0.510704769757408	   0.000000000642020	   0.510704769757408	   2.101928258694445	   0.000000000000000	  -0.388992006596223
8037.022187923414094	   0.000000000951469	   0.510693916401004	   0.000000000607387	   0.510693916401004	   2.100124997726617	   0.000000000000000	  -0.388982889776843
8198.224725051994028	   0.000000000900168	   0.510681525324298	   0.000000000574624	   0.510681525324298	   2.098370555712293	   0.000000000000000	  -0.388972481272410
8362.658571093852515	   0.000000000851631	   0.510671301116078	   0.000000000543630	   0.510671301116078	   2.096647518522048	   0.000000000000000	  -0.388963892937506
8530.388497717485734	   0.000000000805713	   0.510662086859396	   0.000000000514309	   0.510662086859396	   2.094960087102494	   0.000000000000000	  -0.388956152961893
8701.480574941084342	   0.000000000762273	   0.510652451079737	   0.000000000486571	   0.510652451079737	   2.093314032438382	   0.000000000000000	  -0.388948058906979
8876.002197158046329	   0.000000000721177	   0.510642894224054	   0.000000000460330	   0.510642894224054	   2.091705956746694	   0.000000000000000	  -0.388940031148205
9054.022109684048701	   0.000000000682297	   0.510634001392047	   0.000000000435505	   0.510634001392047	   2.090132434236393	   0.000000000000000	  -0.388932561169319
9235.610435836384568	   0.000000000645515	   0.510625455644196	   0.000000000412020	   0.510625455644196	   2.088594643452651	   0.000000000000000	  -0.388925382741124
9420.838704555973891	   0.000000000610716	   0.510617317217791	   0.000000000389803	   0.510617317217791	   2.087091124566874	   0.000000000000000	  -0.388918546462945
9609.779878583191021	   0.000000000577794	   0.510609965361412	   0.000000000368784	   0.510609965361412	   2.085619145193156	   0.000000000000000	  -0.388912370903586
9802.508383198342926	   0.000000000546648	   0.510602755577137	   0.000000000348900	   0.510602755577137	   2.084181958785449	   0.000000000000000	  -0.388906314684796
9999.100135538386894	   0.000000000517181	   0.510596157283190	   0.000000000330088	   0.510596157283190	   2.082775760750407	   0.000000000000000	  -0.388900772117879
10199.632574501167255	   0.000000000489303	   0.510590514972466	   0.000000000312292	   0.510590514972466	   2.081397902521088	   0.000000000000000	  -0.388896032576871
10404.184691249218304	   0.000000000462928	   0.510584570982400	   0.000000000295455	   0.510584570982400	   2.080055863815252	   0.000000000000000	  -0.388891039625216
10612.837060324889535	   0.000000000437975	   0.510579766174089	   0.000000000279527	   0.510579766174089	   2.078739429963192	   0.000000000000000	  -0.388887003586235
10825.671871389258740	   0.000000000414367	   0.510575998823466	   0.000000000264458	   0.510575998823466	   2.077448748864475	   0.000000000000000	  -0.388883839011712
11042.772961597256653	   0.000000000392032	   0.510572426093956	   0.000000000250201	   0.510572426093956	   2.076188864264293	   0.000000000000000	  -0.388880837918923
11264.225848621656041	   0.000000000370901	   0.510569191771298	   0.000000000236714	   0.510569191771298	   2.074958100828447	   0.000000000000000	  -0.388878121087891
11490.117764339171117	   0.000000000350909	   0.510566551258665	   0.000000000223953	   0.510566551258665	   2.073754312868449	   0.000000000000000	  -0.388875903057278
11720.537689191638492	   0.000000000331995	   0.510564576088523	   0.000000000211881	   0.510564576088523	   2.072576554921484	   0.000000000000000	  -0.388874243914360
11955.576387236133087	   0.000000000314100	   0.510563159041650	   0.000000000200460	   0.510563159041650	   2.071425022700611	   0.000000000000000	  -0.388873053594986
12195.326441897497716	   0.000000000297170	   0.510562361721415	   0.000000000189655	   0.510562361721415	   2.070298761379047	   0.000000000000000	  -0.388872383845989
12439.882292437696378	   0.000000000281152	   0.510562302393593	   0.000000000179432	   0.510562302393593	   2.069196342649996	   0.000000000000000	  -0.388872334010618
12689.340271156033850	   0.000000000265997	   0.510562763337354	   0.000000000169760	   0.510562763337354	   2.068119095613564	   0.000000000000000	  -0.388872721203377
12943.798641335219145	   0.000000000251658	   0.510563896514309	   0.000000000160610	   0.510563896514309	   2.067065192263315	   0.000000000000000	  -0.388873673072019
13203.357635947895687	   0.000000000238093	   0.510565862964192	   0.000000000151953	   0.510565862964192	   2.066032736834984	   0.000000000000000	  -0.388875324889921
13468.119497139210580	   0.000000000225258	   0.510568186761359	   0.000000000143762	   0.510568186761359	   2.065025620653928	   0.000000000000000	  -0.388877276879541
13738.188516500629703	   0.000000000213115	   0.510571333523420	   0.000000000136013	   0.510571333523420	   2.064038872586679	   0.000000000000000	  -0.388879920159673
14013.671076151254965	   0.000000000201626	   0.510575384709027	   0.000000000128681	   0.510575384709027	   2.063071207682443	   0.000000000000000	  -0.388883323155583
14294.675690642379777	   0.000000000190756	   0.510579413098031	   0.000000000121745	   0.510579413098031	   2.062131333443557	   0.000000000000000	  -0.388886707002346
14581.313049702272110	   0.000000000180471	   0.510584684240128	   0.000000000115182	   0.510584684240128	   2.061205656831160	   0.000000000000000	  -0.388891134761708
14873.696061837537854	   0.000000000170740	   0.510590740545379	   0.000000000108973	   0.510590740545379	   2.060298217655319	   0.000000000000000	  -0.388896222058118
15171.939898808665021	   0.000000000161534	   0.510597096649433	   0.000000000103098	   0.510597096649433	   2.059413424257801	   0.000000000000000	  -0.388901561185524
15476.162040996952783	   0.000000000152823	   0.510603895214774	   0.000000000097540	   0.510603895214774	   2.058548796620538	   0.000000000000000	  -0.388907271980410
15786.482323680935224	   0.000000000144582	   0.510611221174096	   0.000000000092281	   0.510611221174096	   2.057702728637462	   0.000000000000000	  -0.388913425786240
16103.022984240302321	   0.000000000136784	   0.510619010168352	   0.000000000087306	   0.510619010168352	   2.056875070448534	   0.000000000000000	  -0.388919968541416
16425.908710306124703	   0.000000000129406	   0.510627177808151	   0.000000000082598	   0.510627177808151	   2.056065462401752	   0.000000000000000	  -0.388926829358847
16755.266688876094122	   0.000000000122426	   0.510635674050814	   0.000000000078144	   0.510635674050814	   2.055273289431383	   0.000000000000000	  -0.388933966202684
17091.226656414550234	   0.000000000115821	   0.510644394867180	   0.000000000073929	   0.510644394867180	   2.054498339911371	   0.000000000000000	  -0.388941291688432
17433.920949956504046	   0.000000000109572	   0.510653227170093	   0.000000000069942	   0.510653227170093	   2.053740205254540	   0.000000000000000	  -0.388948710822878
17783.484559236196219	   0.000000000103660	   0.510662053817734	   0.000000000066169	   0.510662053817734	   2.052998431101158	   0.000000000000000	  -0.388956125206896
18140.055179860377393	   0.000000000098066	   0.510670716845118	   0.000000000062599	   0.510670716845118	   2.052272751828320	   0.000000000000000	  -0.388963402149899
18503.773267547810974	   0.000000000092773	   0.510679044406584	   0.000000000059221	   0.510679044406584	   2.051562772957150	   0.000000000000000	  -0.388970397301531
18874.782093455643917	   0.000000000087765	   0.510686834327682	   0.000000000056026	   0.510686834327682	   2.050868128052009	   0.000000000000000	  -0.388976940835253
19253.227800614993612	   0.000000000083027	   0.510693851208049	   0.000000000053002	   0.510693851208049	   2.050188520465607	   0.000000000000000	  -0.388982835014761
19639.259461497636948	   0.000000000078543	   0.510699832131628	   0.000000000050140	   0.510699832131628	   2.049523591459682	   0.000000000000000	  -0.388987858990568
20033.029136736877263	   0.000000000074302	   0.510704458655887	   0.000000000047433	   0.510704458655887	   2.048873022960801	   0.000000000000000	  -0.388991745270945
20434.691935025217390	   0.000000000070288	   0.510707388483891	   0.000000000044871	   0.510707388483891	   2.048236504388073	   0.000000000000000	  -0.388994206326469
20844.406074212834937	   0.000000000066491	   0.510708225113020	   0.000000000042447	   0.510708225113020	   2.047613719506407	   0.000000000000000	  -0.388994909094937
21262.332943630590307	   0.000000000062898	   0.510706487722490	   0.000000000040153	   0.510706487722490	   2.047004378595390	   0.000000000000000	  -0.388993449686892
21688.637167662651336	   0.000000000059498	   0.510701694947186	   0.000000000037982	   0.510701694947186	   2.046408161766965	   0.000000000000000	  -0.388989423755636
22123.486670593112649	   0.000000000056282	   0.510693252901426	   0.000000000035928	   0.510693252901426	   2.045824807209463	   0.000000000000000	  -0.388982332437198
22567.052742752439372	   0.000000000053238	   0.510680458165507	   0.000000000033985	   0.510680458165507	   2.045254034864211	   0.000000000000000	  -0.388971584859026
23019.510107990223332	   0.000000000050359	   0.510662661052369	   0.000000000032145	   0.510662661052369	   2.044695510323579	   0.000000000000000	  -0.388956635283990
23481.036992499961343	   0.000000000047634	   0.510638964610172	   0.000000000030405	   0.510638964610172	   2.044149060805364	   0.000000000000000	  -0.388936730272545
23951.815195023729757	   0.000000000045056	   0.510608379354020	   0.000000000028758	   0.510608379354020	   2.043614370862796	   0.000000000000000	  -0.388911038657377
24432.030158463829139	   0.000000000042618	   0.510570068278727	   0.000000000027199	   0.510570068278727	   2.043091092067059	   0.000000000000000	  -0.388878857354131
24921.871042930353724	   0.000000000040310	   0.510522643308332	   0.000000000025724	   0.510522643308332	   2.042579217167269	   0.000000000000000	  -0.388839020378999
25421.530800252490735	   0.000000000038127	   0.510464802711401	   0.000000000024328	   0.510464802711401	   2.042078269210172	   0.000000000000000	  -0.388790434277577
25931.206249983777525	   0.000000000036061	   0.510395512630879	   0.000000000023007	   0.510395512630879	   2.041587945471456	   0.000000000000000	  -0.388732230609938
26451.098156930493133	   0.000000000034107	   0.510312547821504	   0.000000000021757	   0.510312547821504	   2.041108533015737	   0.000000000000000	  -0.388662540170063
26981.411310234656412	   0.000000000032258	   0.510214420078108	   0.000000000020573	   0.510214420078108	   2.040639075114611	   0.000000000000000	  -0.388580112865611
27522.354604041749553	   0.000000000030509	   0.510099853442446	   0.000000000019453	   0.510099853442446	   2.040179594072076	   0.000000000000000	  -0.388483876891655
28074.141119785701449	   0.000000000028854	   0.509965153796071	   0.000000000018393	   0.509965153796071	   2.039730793923939	   0.000000000000000	  -0.388370729188699
28636.988210122995952	   0.000000000027289	   0.509809209234700	   0.000000000017390	   0.509809209234700	   2.039290532028331	   0.000000000000000	  -0.388239735757148
29211.117584549738240	   0.000000000025808	   0.509630223608650	   0.000000000016441	   0.509630223608650	   2.038860078420489	   0.000000000000000	  -0.388089387831266
29796.755396734410169	   0.000000000024407	   0.509421936835216	   0.000000000015542	   0.509421936835216	   2.038440339594149	   0.000000000000000	  -0.387914426941582
30394.132333601537539	   0.000000000023082	   0.509185272593871	   0.000000000014691	   0.509185272593871	   2.038026657119835	   0.000000000000000	  -0.387715628978852
31003.483706200662709	   0.000000000021829	   0.508916754620999	   0.000000000013886	   0.508916754620999	   2.037624105269366	   0.000000000000000	  -0.387490073881639
31625.049542397424375	   0.000000000020644	   0.508605861033130	   0.000000000013124	   0.508605861033130	   2.037232059354162	   0.000000000000000	  -0.387228923267829
32259.074681422058347	   0.000000000019522	   0.508259755794375	   0.000000000012403	   0.508259755794375	   2.036841502516025	   0.000000000000000	  -0.386938194867275
32905.808870313165244	   0.000000000018462	   0.507869571408769	   0.000000000011721	   0.507869571408769	   2.036460281729429	   0.000000000000000	  -0.386610439983366
33565.506862295194878	   0.000000000017460	   0.507418261269350	   0.000000000011075	   0.507418261269350	   2.036091172643698	   0.000000000000000	  -0.386231339466254
34238.428517127314990	   0.000000000016512	   0.506928605586333	   0.000000000010463	   0.506928605586333	   2.035729850184707	   0.000000000000000	  -0.385820028692520
34924.838903464202303	   0.000000000015616	   0.506375111148860	   0.000000000009885	   0.506375111148860	   2.035374498498447	   0.000000000000000	  -0.385355093365042
35625.008403268162510	   0.000000000014770	   0.505734743826417	   0.000000000009337	   0.505734743826417	   2.035029869350448	   0.000000000000000	  -0.384817184814191
36339.212818314961623	   0.000000000013969	   0.505066600157908	   0.000000000008819	   0.505066600157908	   2.034691719055963	   0.000000000000000	  -0.384255944132642
37067.733478833797562	   0.000000000013213	   0.504295137325121	   0.000000000008329	   0.504295137325121	   2.034357143233728	   0.000000000000000	  -0.383607915353101
37810.857354325496999	   0.000000000012499	   0.503406346725570	   0.000000000007865	   0.503406346725570	   2.034037497245133	   0.000000000000000	  -0.382861331249479
38568.877166601530917	   0.000000000011823	   0.502532350255540	   0.000000000007427	   0.502532350255540	   2.033720905771574	   0.000000000000000	  -0.382127174214653
39342.091505089658312	   0.000000000011188	   0.501463150537924	   0.000000000007013	   0.501463150537924	   2.033403182898561	   0.000000000000000	  -0.381229046451856
40130.804944450152107	   0.000000000010586	   0.500262751417317	   0.000000000006619	   0.500262751417317	   2.033112430885013	   0.000000000000000	  -0.380220711190546
40935.328164550111978	   0.000000000010016	   0.499178853398049	   0.000000000006249	   0.499178853398049	   2.032814326615307	   0.000000000000000	  -0.379310236854361
41755.978072842131951	   0.000000000009484	   0.497677696326023	   0.000000000005900	   0.497677696326023	   2.032505613662680	   0.000000000000000	  -0.378049264913859
42593.077929196937475	   0.000000000008976	   0.496130131460277	   0.000000000005567	   0.496130131460277	   2.032257262709924	   0.000000000000000	  -0.376749310426633
43446.957473237380327	   0.000000000008497	   0.494868451569791	   0.000000000005256	   0.494868451569791	   2.031968681225337	   0.000000000000000	  -0.375689499318625
44317.953054225443339	   0.000000000008058	   0.492684193651572	   0.000000000004963	   0.492684193651572	   2.031651187934446	   0.000000000000000	  -0.373854722667320
45206.407763552313554	   0.000000000007627	   0.490883502030713	   0.000000000004680	   0.490883502030713	   2.031486718098211	   0.000000000000000	  -0.372342141705799
46112.671569884951168	   0.000000000007222	   0.489309754391279	   0.000000000004418	   0.489309754391279	   2.031200692876279	   0.000000000000000	  -0.371020193688675
47037.101457021090027	   0.000000000006987	   0.491373270739667	   0.000000000004291	   0.491373270739667	   2.030009407819011	   0.000000000000000	  -0.372753547421320
47980.061564507384901	   0.000000000006500	   0.484827375457528	   0.000000000003939	   0.484827375457528	   2.031781590656544	   0.000000000000000	  -0.367254995384324
48941.923331077159673	   0.000000000006173	   0.482937683484981	   0.000000000003727	   0.482937683484981	   2.030256760015114	   0.000000000000000	  -0.365667654127384
49923.065640962369798	   0.000000000005933	   0.483029559326721	   0.000000000003582	   0.483029559326721	   2.029749164196197	   0.000000000000000	  -0.365744829834446
50923.874973139056237	   0.000000000005565	   0.477280025743104	   0.000000000003320	   0.477280025743104	   2.030606738942496	   0.000000000000000	  -0.360915221624207
51944.745553563770954	   0.000000000005293	   0.474691807784341	   0.000000000003141	   0.474691807784341	   2.029661019121610	   0.000000000000000	  -0.358741118538847
52986.079510462572216	   0.000000000005068	   0.473170006112652	   0.000000000002998	   0.473170006112652	   2.029315037456092	   0.000000000000000	  -0.357462805134627
54048.287032731815998	   0.000000000004795	   0.468332620929194	   0.000000000002807	   0.468332620929194	   2.029601621910539	   0.000000000000000	  -0.353399401580523
55131.786531514728267	   0.000000000004563	   0.464637977749762	   0.000000000002650	   0.464637977749762	   2.029159153168457	   0.000000000000000	  -0.350295901309800
56237.004805016120372	   0.000000000004365	   0.461898675708039	   0.000000000002520	   0.461898675708039	   2.028805314577327	   0.000000000000000	  -0.347994887594753
57364.377206621866208	   0.000000000004159	   0.457600708327990	   0.000000000002379	   0.457600708327990	   2.028805486762493	   0.000000000000000	  -0.344384594995511
58514.347816387307830	   0.000000000003965	   0.453024150946904	   0.000000000002245	   0.453024150946904	   2.028630851669373	   0.000000000000000	  -0.340540286795399
59687.369615963776596	   0.000000000003795	   0.449210334441975	   0.000000000002131	   0.449210334441975	   2.028319407166178	   0.000000000000000	  -0.337336680931259
60883.904667030888959	   0.000000000003636	   0.444940438005366	   0.000000000002022	   0.444940438005366	   2.028172357566449	   0.000000000000000	  -0.333749967924507
62104.424293306583422	   0.000000000003479	   0.439982173050683	   0.000000000001913	   0.439982173050683	   2.028078366462703	   0.000000000000000	  -0.329585025362573
63349.409266204573214	   0.000000000003335	   0.435152338412754	   0.000000000001814	   0.435152338412754	   2.027869183920187	   0.000000000000000	  -0.325527964266714
64619.349994213334867	   0.000000000003208	   0.430406274951093	   0.000000000001726	   0.430406274951093	   2.027670304770992	   0.000000000000000	  -0.321541270958918
65914.746716072171694	   0.000000000003085	   0.425493658142908	   0.000000000001641	   0.425493658142908	   2.027552881277369	   0.000000000000000	  -0.317414672840042
67236.109697818377754	   0.000000000002967	   0.419842211026284	   0.000000000001557	   0.419842211026284	   2.027421580902450	   0.000000000000000	  -0.312667457262079
68583.959433784941211	   0.000000000002864	   0.414159195388902	   0.000000000001483	   0.414159195388902	   2.027280679429693	   0.000000000000000	  -0.307893724126677
69958.826851626523421	   0.000000000002764	   0.409499252131920	   0.000000000001415	   0.409499252131920	   2.027106934104409	   0.000000000000000	  -0.303979371790813
71361.253521456252201	   0.000000000002737	   0.411926556004435	   0.000000000001409	   0.411926556004435	   2.026710166233684	   0.000000000000000	  -0.306018307043726
72791.791869173772284	   0.000000000002610	   0.399739380873699	   0.000000000001304	   0.399739380873699	   2.027310164315091	   0.000000000000000	  -0.295781079933908
74251.005394069885369	   0.000000000002497	   0.391409407696055	   0.000000000001222	   0.391409407696055	   2.026706052390898	   0.000000000000000	  -0.288783902464687
75739.468890792457387	   0.000000000002438	   0.386522962262764	   0.000000000001178	   0.386522962262764	   2.026592547366066	   0.000000000000000	  -0.284679288300722
77257.768675762912608	   0.000000000002411	   0.383751288281964	   0.000000000001157	   0.383751288281964	   2.026483418717535	   0.000000000000000	  -0.282351082156849
78806.502818130044034	   0.000000000002305	   0.378352726711346	   0.000000000001090	   0.378352726711346	   2.026534002608248	   0.000000000000000	  -0.277816290437531
80386.281375353821204	   0.000000000002262	   0.363850860892513	   0.000000000001029	   0.363850860892513	   2.026611823628087	   0.000000000000000	  -0.265634723149711
81997.726633510988904	   0.000000000002200	   0.359857489123583	   0.000000000000990	   0.359857489123583	   2.026119958549229	   0.000000000000000	  -0.262280290863810
83641.473352418761351	   0.000000000002122	   0.363064511315952	   0.000000000000963	   0.363064511315952	   2.026118263643509	   0.000000000000000	  -0.264974189505400
85318.169015670733643	   0.000000000002213	   0.336126107245311	   0.000000000000930	   0.336126107245311	   2.026535471136252	   0.000000000000000	  -0.242345930086061
87028.474085685593309	   0.000000000001965	   0.357534562469415	   0.000000000000878	   0.357534562469415	   2.025644642197010	   0.000000000000000	  -0.260329032474308
88773.062263867308502	   0.000000000002058	   0.328397885958240	   0.000000000000845	   0.328397885958240	   2.026789604956780	   0.000000000000000	  -0.235854224204922
90552.620755981988623	   0.000000000002224	   0.296643699874048	   0.000000000000825	   0.296643699874048	   2.025387103058640	   0.000000000000000	  -0.209180707894201
92367.850542852553190	   0.000000000005716	   0.720000000000000	   0.000000000005144	   0.720000000000000	   2.027362145704765	   0.000000000000000	  -0.564800000000000
94219.466656479708035	   0.000000000022785	   0.720000000000000	   0.000000000020507	   0.720000000000000	   2.024613180969151	   0.000000000000000	  -0.564800000000000
96108.198461699095787	   0.000000000000000	                 nan	   0.000000000000000	                 nan	                 nan	                 nan	                 nan
98034.789943482697709	   0.000000000000000	                 nan	   0.000000000000000	                 nan	                 nan	                 nan	                 nan
100000.000000000072760	   0.000000000000000	                 nan	   0.000000000000000	                 nan	                 nan	                 nan	                 nan
